This is pdfTeX, Version 3.14159265-2.6-1.40.15 (TeX Live 2014) (preloaded format=pdflatex 2014.5.25)  14 NOV 2016 08:25
entering extended mode
 \write18 enabled.
 %&-line parsing enabled.
**assignment2_report.tex
(./assignment2_report.tex
LaTeX2e <2014/05/01>
Babel <3.9k> and hyphenation patterns for 78 languages loaded.
(/usr/local/texlive/2014/texmf-dist/tex/latex/base/article.cls
Document Class: article 2007/10/19 v1.4h Standard LaTeX document class
(/usr/local/texlive/2014/texmf-dist/tex/latex/base/size10.clo
File: size10.clo 2007/10/19 v1.4h Standard LaTeX file (size option)
)
\c@part=\count79
\c@section=\count80
\c@subsection=\count81
\c@subsubsection=\count82
\c@paragraph=\count83
\c@subparagraph=\count84
\c@figure=\count85
\c@table=\count86
\abovecaptionskip=\skip41
\belowcaptionskip=\skip42
\bibindent=\dimen102
)
(/usr/local/texlive/2014/texmf-dist/tex/latex/rotating/rotating.sty
Package: rotating 2009/03/28 v2.16a rotated objects in LaTeX

(/usr/local/texlive/2014/texmf-dist/tex/latex/graphics/graphicx.sty
Package: graphicx 2014/04/25 v1.0g Enhanced LaTeX Graphics (DPC,SPQR)

(/usr/local/texlive/2014/texmf-dist/tex/latex/graphics/keyval.sty
Package: keyval 2014/05/08 v1.15 key=value parser (DPC)
\KV@toks@=\toks14
)
(/usr/local/texlive/2014/texmf-dist/tex/latex/graphics/graphics.sty
Package: graphics 2009/02/05 v1.0o Standard LaTeX Graphics (DPC,SPQR)

(/usr/local/texlive/2014/texmf-dist/tex/latex/graphics/trig.sty
Package: trig 1999/03/16 v1.09 sin cos tan (DPC)
)
(/usr/local/texlive/2014/texmf-dist/tex/latex/latexconfig/graphics.cfg
File: graphics.cfg 2010/04/23 v1.9 graphics configuration of TeX Live
)
Package graphics Info: Driver file: pdftex.def on input line 91.

(/usr/local/texlive/2014/texmf-dist/tex/latex/pdftex-def/pdftex.def
File: pdftex.def 2011/05/27 v0.06d Graphics/color for pdfTeX

(/usr/local/texlive/2014/texmf-dist/tex/generic/oberdiek/infwarerr.sty
Package: infwarerr 2010/04/08 v1.3 Providing info/warning/error messages (HO)
)
(/usr/local/texlive/2014/texmf-dist/tex/generic/oberdiek/ltxcmds.sty
Package: ltxcmds 2011/11/09 v1.22 LaTeX kernel commands for general use (HO)
)
\Gread@gobject=\count87
))
\Gin@req@height=\dimen103
\Gin@req@width=\dimen104
)
(/usr/local/texlive/2014/texmf-dist/tex/latex/base/ifthen.sty
Package: ifthen 2001/05/26 v1.1c Standard LaTeX ifthen package (DPC)
)
\c@r@tfl@t=\count88
\rotFPtop=\skip43
\rotFPbot=\skip44
\rot@float@box=\box26
\rot@mess@toks=\toks15
)
(/usr/local/texlive/2014/texmf-dist/tex/latex/geometry/geometry.sty
Package: geometry 2010/09/12 v5.6 Page Geometry

(/usr/local/texlive/2014/texmf-dist/tex/generic/oberdiek/ifpdf.sty
Package: ifpdf 2011/01/30 v2.3 Provides the ifpdf switch (HO)
Package ifpdf Info: pdfTeX in PDF mode is detected.
)
(/usr/local/texlive/2014/texmf-dist/tex/generic/oberdiek/ifvtex.sty
Package: ifvtex 2010/03/01 v1.5 Detect VTeX and its facilities (HO)
Package ifvtex Info: VTeX not detected.
)
(/usr/local/texlive/2014/texmf-dist/tex/generic/ifxetex/ifxetex.sty
Package: ifxetex 2010/09/12 v0.6 Provides ifxetex conditional
)
\Gm@cnth=\count89
\Gm@cntv=\count90
\c@Gm@tempcnt=\count91
\Gm@bindingoffset=\dimen105
\Gm@wd@mp=\dimen106
\Gm@odd@mp=\dimen107
\Gm@even@mp=\dimen108
\Gm@layoutwidth=\dimen109
\Gm@layoutheight=\dimen110
\Gm@layouthoffset=\dimen111
\Gm@layoutvoffset=\dimen112
\Gm@dimlist=\toks16
)
(/usr/local/texlive/2014/texmf-dist/tex/latex/natbib/natbib.sty
Package: natbib 2010/09/13 8.31b (PWD, AO)
\bibhang=\skip45
\bibsep=\skip46
LaTeX Info: Redefining \cite on input line 694.
\c@NAT@ctr=\count92
)
(/usr/local/texlive/2014/texmf-dist/tex/latex/setspace/setspace.sty
Package: setspace 2011/12/19 v6.7a set line spacing
)
(/usr/local/texlive/2014/texmf-dist/tex/latex/SIunits/SIunits.sty
Package: SIunits 2007/12/02 v1.36 Support for the International System of units
 (MH)


\@qskwidth=\skip47
\symgreek=\mathgroup4
(/usr/local/texlive/2014/texmf-dist/tex/latex/amsmath/amstext.sty
Package: amstext 2000/06/29 v2.01

(/usr/local/texlive/2014/texmf-dist/tex/latex/amsmath/amsgen.sty
File: amsgen.sty 1999/11/30 v2.0
\@emptytoks=\toks17
\ex@=\dimen113
))
(/usr/local/texlive/2014/texmf-dist/tex/latex/SIunits/SIunits.cfg)
LaTeX Info: Redefining \usk on input line 576.

Option `cdot' provided!
LaTeX Info: Redefining \@qsk on input line 576.
Option `mediumqspace' provided!
) (/usr/local/texlive/2014/texmf-dist/tex/latex/hyperref/hyperref.sty
Package: hyperref 2012/11/06 v6.83m Hypertext links for LaTeX

(/usr/local/texlive/2014/texmf-dist/tex/generic/oberdiek/hobsub-hyperref.sty
Package: hobsub-hyperref 2012/05/28 v1.13 Bundle oberdiek, subset hyperref (HO)


(/usr/local/texlive/2014/texmf-dist/tex/generic/oberdiek/hobsub-generic.sty
Package: hobsub-generic 2012/05/28 v1.13 Bundle oberdiek, subset generic (HO)
Package: hobsub 2012/05/28 v1.13 Construct package bundles (HO)
Package hobsub Info: Skipping package `infwarerr' (already loaded).
Package hobsub Info: Skipping package `ltxcmds' (already loaded).
Package: ifluatex 2010/03/01 v1.3 Provides the ifluatex switch (HO)
Package ifluatex Info: LuaTeX not detected.
Package hobsub Info: Skipping package `ifvtex' (already loaded).
Package: intcalc 2007/09/27 v1.1 Expandable calculations with integers (HO)
Package hobsub Info: Skipping package `ifpdf' (already loaded).
Package: etexcmds 2011/02/16 v1.5 Avoid name clashes with e-TeX commands (HO)
Package etexcmds Info: Could not find \expanded.
(etexcmds)             That can mean that you are not using pdfTeX 1.50 or
(etexcmds)             that some package has redefined \expanded.
(etexcmds)             In the latter case, load this package earlier.
Package: kvsetkeys 2012/04/25 v1.16 Key value parser (HO)
Package: kvdefinekeys 2011/04/07 v1.3 Define keys (HO)
Package: pdftexcmds 2011/11/29 v0.20 Utility functions of pdfTeX for LuaTeX (HO
)
Package pdftexcmds Info: LuaTeX not detected.
Package pdftexcmds Info: \pdf@primitive is available.
Package pdftexcmds Info: \pdf@ifprimitive is available.
Package pdftexcmds Info: \pdfdraftmode found.
Package: pdfescape 2011/11/25 v1.13 Implements pdfTeX's escape features (HO)
Package: bigintcalc 2012/04/08 v1.3 Expandable calculations on big integers (HO
)
Package: bitset 2011/01/30 v1.1 Handle bit-vector datatype (HO)
Package: uniquecounter 2011/01/30 v1.2 Provide unlimited unique counter (HO)
)
Package hobsub Info: Skipping package `hobsub' (already loaded).
Package: letltxmacro 2010/09/02 v1.4 Let assignment for LaTeX macros (HO)
Package: hopatch 2012/05/28 v1.2 Wrapper for package hooks (HO)
Package: xcolor-patch 2011/01/30 xcolor patch
Package: atveryend 2011/06/30 v1.8 Hooks at the very end of document (HO)
Package atveryend Info: \enddocument detected (standard20110627).
Package: atbegshi 2011/10/05 v1.16 At begin shipout hook (HO)
Package: refcount 2011/10/16 v3.4 Data extraction from label references (HO)
Package: hycolor 2011/01/30 v1.7 Color options for hyperref/bookmark (HO)
)
(/usr/local/texlive/2014/texmf-dist/tex/latex/oberdiek/auxhook.sty
Package: auxhook 2011/03/04 v1.3 Hooks for auxiliary files (HO)
)
(/usr/local/texlive/2014/texmf-dist/tex/latex/oberdiek/kvoptions.sty
Package: kvoptions 2011/06/30 v3.11 Key value format for package options (HO)
)
\@linkdim=\dimen114
\Hy@linkcounter=\count93
\Hy@pagecounter=\count94

(/usr/local/texlive/2014/texmf-dist/tex/latex/hyperref/pd1enc.def
File: pd1enc.def 2012/11/06 v6.83m Hyperref: PDFDocEncoding definition (HO)
)
\Hy@SavedSpaceFactor=\count95

(/usr/local/texlive/2014/texmf-dist/tex/latex/latexconfig/hyperref.cfg
File: hyperref.cfg 2002/06/06 v1.2 hyperref configuration of TeXLive
)
Package hyperref Info: Hyper figures OFF on input line 4443.
Package hyperref Info: Link nesting OFF on input line 4448.
Package hyperref Info: Hyper index ON on input line 4451.
Package hyperref Info: Plain pages OFF on input line 4458.
Package hyperref Info: Backreferencing OFF on input line 4463.
Package hyperref Info: Implicit mode ON; LaTeX internals redefined.
Package hyperref Info: Bookmarks ON on input line 4688.
\c@Hy@tempcnt=\count96

(/usr/local/texlive/2014/texmf-dist/tex/latex/url/url.sty
\Urlmuskip=\muskip10
Package: url 2013/09/16  ver 3.4  Verb mode for urls, etc.
)
LaTeX Info: Redefining \url on input line 5041.
\XeTeXLinkMargin=\dimen115
\Fld@menulength=\count97
\Field@Width=\dimen116
\Fld@charsize=\dimen117
Package hyperref Info: Hyper figures OFF on input line 6295.
Package hyperref Info: Link nesting OFF on input line 6300.
Package hyperref Info: Hyper index ON on input line 6303.
Package hyperref Info: backreferencing OFF on input line 6310.
Package hyperref Info: Link coloring OFF on input line 6315.
Package hyperref Info: Link coloring with OCG OFF on input line 6320.
Package hyperref Info: PDF/A mode OFF on input line 6325.
LaTeX Info: Redefining \ref on input line 6365.
LaTeX Info: Redefining \pageref on input line 6369.
\Hy@abspage=\count98
\c@Item=\count99
\c@Hfootnote=\count100
)

Package hyperref Message: Driver (autodetected): hpdftex.

(/usr/local/texlive/2014/texmf-dist/tex/latex/hyperref/hpdftex.def
File: hpdftex.def 2012/11/06 v6.83m Hyperref driver for pdfTeX
\Fld@listcount=\count101
\c@bookmark@seq@number=\count102

(/usr/local/texlive/2014/texmf-dist/tex/latex/oberdiek/rerunfilecheck.sty
Package: rerunfilecheck 2011/04/15 v1.7 Rerun checks for auxiliary files (HO)
Package uniquecounter Info: New unique counter `rerunfilecheck' on input line 2
82.
)
\Hy@SectionHShift=\skip48
)
(/usr/local/texlive/2014/texmf-dist/tex/latex/mh/mathtools.sty
Package: mathtools 2014/05/21 v1.14 mathematical typesetting tools

(/usr/local/texlive/2014/texmf-dist/tex/latex/tools/calc.sty
Package: calc 2007/08/22 v4.3 Infix arithmetic (KKT,FJ)
\calc@Acount=\count103
\calc@Bcount=\count104
\calc@Adimen=\dimen118
\calc@Bdimen=\dimen119
\calc@Askip=\skip49
\calc@Bskip=\skip50
LaTeX Info: Redefining \setlength on input line 75.
LaTeX Info: Redefining \addtolength on input line 76.
\calc@Ccount=\count105
\calc@Cskip=\skip51
)
(/usr/local/texlive/2014/texmf-dist/tex/latex/mh/mhsetup.sty
Package: mhsetup 2010/01/21 v1.2a programming setup (MH)
)
(/usr/local/texlive/2014/texmf-dist/tex/latex/amsmath/amsmath.sty
Package: amsmath 2013/01/14 v2.14 AMS math features
\@mathmargin=\skip52

For additional information on amsmath, use the `?' option.
(/usr/local/texlive/2014/texmf-dist/tex/latex/amsmath/amsbsy.sty
Package: amsbsy 1999/11/29 v1.2d
\pmbraise@=\dimen120
)
(/usr/local/texlive/2014/texmf-dist/tex/latex/amsmath/amsopn.sty
Package: amsopn 1999/12/14 v2.01 operator names
)
\inf@bad=\count106
LaTeX Info: Redefining \frac on input line 210.
\uproot@=\count107
\leftroot@=\count108
LaTeX Info: Redefining \overline on input line 306.
\classnum@=\count109
\DOTSCASE@=\count110
LaTeX Info: Redefining \ldots on input line 378.
LaTeX Info: Redefining \dots on input line 381.
LaTeX Info: Redefining \cdots on input line 466.
\Mathstrutbox@=\box27
\strutbox@=\box28
\big@size=\dimen121
LaTeX Font Info:    Redeclaring font encoding OML on input line 566.
LaTeX Font Info:    Redeclaring font encoding OMS on input line 567.
\macc@depth=\count111
\c@MaxMatrixCols=\count112
\dotsspace@=\muskip11
\c@parentequation=\count113
\dspbrk@lvl=\count114
\tag@help=\toks18
\row@=\count115
\column@=\count116
\maxfields@=\count117
\andhelp@=\toks19
\eqnshift@=\dimen122
\alignsep@=\dimen123
\tagshift@=\dimen124
\tagwidth@=\dimen125
\totwidth@=\dimen126
\lineht@=\dimen127
\@envbody=\toks20
\multlinegap=\skip53
\multlinetaggap=\skip54
\mathdisplay@stack=\toks21
LaTeX Info: Redefining \[ on input line 2665.
LaTeX Info: Redefining \] on input line 2666.
)
LaTeX Info: Thecontrolsequence`\['isalreadyrobust on input line 129.
LaTeX Info: Thecontrolsequence`\]'isalreadyrobust on input line 129.
\g_MT_multlinerow_int=\count118
\l_MT_multwidth_dim=\dimen128
\origjot=\skip55
\l_MT_shortvdotswithinadjustabove_dim=\dimen129
\l_MT_shortvdotswithinadjustbelow_dim=\dimen130
\l_MT_above_intertext_sep=\dimen131
\l_MT_below_intertext_sep=\dimen132
\l_MT_above_shortintertext_sep=\dimen133
\l_MT_below_shortintertext_sep=\dimen134
)
(/usr/local/texlive/2014/texmf-dist/tex/latex/preprint/authblk.sty
Package: authblk 2001/02/27 1.3 (PWD)
\affilsep=\skip56
\@affilsep=\skip57
\c@Maxaffil=\count119
\c@authors=\count120
\c@affil=\count121
)
(/usr/local/texlive/2014/texmf-dist/tex/latex/placeins/placeins.sty
Package: placeins 2005/04/18  v 2.2
)
(/usr/local/texlive/2014/texmf-dist/tex/latex/float/float.sty
Package: float 2001/11/08 v1.3d Float enhancements (AL)
\c@float@type=\count122
\float@exts=\toks22
\float@box=\box29
\@float@everytoks=\toks23
\@floatcapt=\box30
)
(./assignment2_report.aux

LaTeX Warning: Label `fig:' multiply defined.


LaTeX Warning: Label `fig:refer2' multiply defined.


LaTeX Warning: Label `fig:Q32_batch10' multiply defined.


LaTeX Warning: Label `fig:Q32_batch10' multiply defined.


LaTeX Warning: Label `fig:Q32_batch10' multiply defined.


LaTeX Warning: Label `fig:Q32_batch10' multiply defined.


LaTeX Warning: Label `fig:Q32_batch10' multiply defined.


LaTeX Warning: Label `fig:' multiply defined.


LaTeX Warning: Label `fig:' multiply defined.


LaTeX Warning: Label `fig:' multiply defined.


LaTeX Warning: Label `fig:' multiply defined.


LaTeX Warning: Label `fig:' multiply defined.


LaTeX Warning: Label `fig:' multiply defined.


LaTeX Warning: Label `fig:' multiply defined.


LaTeX Warning: Label `fig:' multiply defined.


LaTeX Warning: Label `fig:' multiply defined.


LaTeX Warning: Label `fig:' multiply defined.


LaTeX Warning: Label `fig:' multiply defined.


LaTeX Warning: Label `fig:' multiply defined.


LaTeX Warning: Label `fig:' multiply defined.


LaTeX Warning: Label `fig:' multiply defined.


LaTeX Warning: Label `fig:' multiply defined.


LaTeX Warning: Label `fig:' multiply defined.


LaTeX Warning: Label `fig:' multiply defined.


LaTeX Warning: Label `fig:' multiply defined.


LaTeX Warning: Label `fig:' multiply defined.


LaTeX Warning: Label `fig:' multiply defined.


LaTeX Warning: Label `fig:' multiply defined.


LaTeX Warning: Label `fig:' multiply defined.


LaTeX Warning: Label `fig:' multiply defined.


LaTeX Warning: Label `fig:' multiply defined.


LaTeX Warning: Label `fig:' multiply defined.


LaTeX Warning: Label `fig:' multiply defined.


LaTeX Warning: Label `fig:q4.3_mu' multiply defined.

)
\openout1 = `assignment2_report.aux'.

LaTeX Font Info:    Checking defaults for OML/cmm/m/it on input line 24.
LaTeX Font Info:    ... okay on input line 24.
LaTeX Font Info:    Checking defaults for T1/cmr/m/n on input line 24.
LaTeX Font Info:    ... okay on input line 24.
LaTeX Font Info:    Checking defaults for OT1/cmr/m/n on input line 24.
LaTeX Font Info:    ... okay on input line 24.
LaTeX Font Info:    Checking defaults for OMS/cmsy/m/n on input line 24.
LaTeX Font Info:    ... okay on input line 24.
LaTeX Font Info:    Checking defaults for OMX/cmex/m/n on input line 24.
LaTeX Font Info:    ... okay on input line 24.
LaTeX Font Info:    Checking defaults for U/cmr/m/n on input line 24.
LaTeX Font Info:    ... okay on input line 24.
LaTeX Font Info:    Checking defaults for TS1/cmr/m/n on input line 24.
LaTeX Font Info:    Try loading font information for TS1+cmr on input line 24.
 (/usr/local/texlive/2014/texmf-dist/tex/latex/base/ts1cmr.fd
File: ts1cmr.fd 1999/05/25 v2.5h Standard LaTeX font definitions
)
LaTeX Font Info:    ... okay on input line 24.
LaTeX Font Info:    Checking defaults for PD1/pdf/m/n on input line 24.
LaTeX Font Info:    ... okay on input line 24.

(/usr/local/texlive/2014/texmf-dist/tex/context/base/supp-pdf.mkii
[Loading MPS to PDF converter (version 2006.09.02).]
\scratchcounter=\count123
\scratchdimen=\dimen135
\scratchbox=\box31
\nofMPsegments=\count124
\nofMParguments=\count125
\everyMPshowfont=\toks24
\MPscratchCnt=\count126
\MPscratchDim=\dimen136
\MPnumerator=\count127
\makeMPintoPDFobject=\count128
\everyMPtoPDFconversion=\toks25
) (/usr/local/texlive/2014/texmf-dist/tex/latex/oberdiek/epstopdf-base.sty
Package: epstopdf-base 2010/02/09 v2.5 Base part for package epstopdf

(/usr/local/texlive/2014/texmf-dist/tex/latex/oberdiek/grfext.sty
Package: grfext 2010/08/19 v1.1 Manage graphics extensions (HO)
)
Package grfext Info: Graphics extension search list:
(grfext)             [.png,.pdf,.jpg,.mps,.jpeg,.jbig2,.jb2,.PNG,.PDF,.JPG,.JPE
G,.JBIG2,.JB2,.eps]
(grfext)             \AppendGraphicsExtensions on input line 452.

(/usr/local/texlive/2014/texmf-dist/tex/latex/latexconfig/epstopdf-sys.cfg
File: epstopdf-sys.cfg 2010/07/13 v1.3 Configuration of (r)epstopdf for TeX Liv
e
))
*geometry* driver: auto-detecting
*geometry* detected driver: pdftex
*geometry* verbose mode - [ preamble ] result:
* driver: pdftex
* paper: <default>
* layout: <same size as paper>
* layoutoffset:(h,v)=(0.0pt,0.0pt)
* modes: 
* h-part:(L,W,R)=(72.26999pt, 469.75502pt, 72.26999pt)
* v-part:(T,H,B)=(72.26999pt, 650.43001pt, 72.26999pt)
* \paperwidth=614.295pt
* \paperheight=794.96999pt
* \textwidth=469.75502pt
* \textheight=650.43001pt
* \oddsidemargin=0.0pt
* \evensidemargin=0.0pt
* \topmargin=-37.0pt
* \headheight=12.0pt
* \headsep=25.0pt
* \topskip=10.0pt
* \footskip=30.0pt
* \marginparwidth=65.0pt
* \marginparsep=11.0pt
* \columnsep=10.0pt
* \skip\footins=9.0pt plus 4.0pt minus 2.0pt
* \hoffset=0.0pt
* \voffset=0.0pt
* \mag=1000
* \@twocolumnfalse
* \@twosidefalse
* \@mparswitchfalse
* \@reversemarginfalse
* (1in=72.27pt=25.4mm, 1cm=28.453pt)

\AtBeginShipoutBox=\box32
Package hyperref Info: Link coloring OFF on input line 24.
(/usr/local/texlive/2014/texmf-dist/tex/latex/hyperref/nameref.sty
Package: nameref 2012/10/27 v2.43 Cross-referencing by name of section

(/usr/local/texlive/2014/texmf-dist/tex/generic/oberdiek/gettitlestring.sty
Package: gettitlestring 2010/12/03 v1.4 Cleanup title references (HO)
)
\c@section@level=\count129
)
LaTeX Info: Redefining \ref on input line 24.
LaTeX Info: Redefining \pageref on input line 24.
LaTeX Info: Redefining \nameref on input line 24.

(./assignment2_report.out) (./assignment2_report.out)
\@outlinefile=\write3
\openout3 = `assignment2_report.out'.


<Q31_nn_report.png, id=4, 2708.1175pt x 1006.76125pt>
File: Q31_nn_report.png Graphic file (type png)
 <use Q31_nn_report.png>
Package pdftex.def Info: Q31_nn_report.png used on input line 37.
(pdftex.def)             Requested size: 406.2001pt x 151.00766pt.

<cnn_eps01.png, id=6, 1156.32pt x 586.8324pt>
File: cnn_eps01.png Graphic file (type png)
 <use cnn_eps01.png>
Package pdftex.def Info: cnn_eps01.png used on input line 45.
(pdftex.def)             Requested size: 370.02995pt x 187.79019pt.
 [1

{/usr/local/texlive/2014/texmf-var/fonts/map/pdftex/updmap/pdftex.map}pdfTeX wa
rning (ext4): destination with the same identifier (name{figure.1}) has been al
ready used, duplicate ignored

\AtBegShi@Output ...ipout \box \AtBeginShipoutBox 
                                                  \fi \fi 
l.49 
      <./Q31_nn_report.png>]
<Q3_report_valid.png, id=21, 3166.83125pt x 1297.84875pt>
File: Q3_report_valid.png Graphic file (type png)

<use Q3_report_valid.png>
Package pdftex.def Info: Q3_report_valid.png used on input line 60.
(pdftex.def)             Requested size: 475.0042pt x 194.66891pt.

Overfull \hbox (5.24918pt too wide) in paragraph at lines 60--61
 [][] 
 []

[2pdfTeX warning (ext4): destination with the same identifier (name{figure.2}) 
has been already used, duplicate ignored

\AtBegShi@Output ...ipout \box \AtBeginShipoutBox 
                                                  \fi \fi 
l.64 W
      hat we conclude is that if epsilon is very small do instance in the ca...
 <./cnn_eps01.png>] <nn_CE_eps01.png, id=34, 2701.09125pt x 1084.05pt>
File: nn_CE_eps01.png Graphic file (type png)

<use nn_CE_eps01.png>
Package pdftex.def Info: nn_CE_eps01.png used on input line 69.
(pdftex.def)             Requested size: 405.14621pt x 162.60048pt.
 <nn_CE_eps10.png, id=35, 2736.2225pt x 1055.945pt>
File: nn_CE_eps10.png Graphic file (type png)

<use nn_CE_eps10.png>
Package pdftex.def Info: nn_CE_eps10.png used on input line 76.
(pdftex.def)             Requested size: 410.41566pt x 158.38492pt.
 [3pdfTeX warning (ext4): destination with the same identifier (name{figure.3})
 has been already used, duplicate ignored

\AtBegShi@Output ...ipout \box \AtBeginShipoutBox 
                                                  \fi \fi 
l.80 
     pdfTeX warning (ext4): destination with the same identifier (name{figure.4
}) has been already used, duplicate ignored

\AtBegShi@Output ...ipout \box \AtBeginShipoutBox 
                                                  \fi \fi 
l.80 
      <./Q3_report_valid.png> <./nn_CE_eps01.png>]

LaTeX Warning: Reference `fig' on page 4 undefined on input line 85.

<nn_acc_momentum_all.png, id=44, 2395.95125pt x 2657.93pt>
File: nn_acc_momentum_all.png Graphic file (type png)

<use nn_acc_momentum_all.png>
Package pdftex.def Info: nn_acc_momentum_all.png used on input line 89.
(pdftex.def)             Requested size: 359.37718pt x 398.6723pt.
 [4pdfTeX warning (ext4): destination with the same identifier (name{figure.5})
 has been already used, duplicate ignored

\AtBegShi@Output ...ipout \box \AtBeginShipoutBox 
                                                  \fi \fi 
l.93 
      <./nn_CE_eps10.png>] <Q32_batch1.png, id=51, 1156.32pt x 578.16pt>
File: Q32_batch1.png Graphic file (type png)

<use Q32_batch1.png>
Package pdftex.def Info: Q32_batch1.png used on input line 99.
(pdftex.def)             Requested size: 462.5198pt x 231.2599pt.
 [5pdfTeX warning (ext4): destination with the same identifier (name{figure.6})
 has been already used, duplicate ignored

\AtBegShi@Output ...ipout \box \AtBeginShipoutBox 
                                                  \fi \fi 
l.103 
       <./nn_acc_momentum_all.png>]
<Q32_batch10.png, id=58, 1156.32pt x 586.8324pt>
File: Q32_batch10.png Graphic file (type png)
 <use Q32_batch10.png>
Package pdftex.def Info: Q32_batch10.png used on input line 107.
(pdftex.def)             Requested size: 462.5198pt x 234.72879pt.

<Q32_batch100.png, id=59, 1156.32pt x 586.8324pt>
File: Q32_batch100.png Graphic file (type png)
 <use Q32_batch100.png>
Package pdftex.def Info: Q32_batch100.png used on input line 115.
(pdftex.def)             Requested size: 462.5198pt x 234.72879pt.

[6pdfTeX warning (ext4): destination with the same identifier (name{figure.7}) 
has been already used, duplicate ignored

\AtBegShi@Output ...ipout \box \AtBeginShipoutBox 
                                                  \fi \fi 
l.119 
      pdfTeX warning (ext4): destination with the same identifier (name{figure.
8}) has been already used, duplicate ignored

\AtBegShi@Output ...ipout \box \AtBeginShipoutBox 
                                                  \fi \fi 
l.119 
       <./Q32_batch1.png> <./Q32_batch10.png>]
<Q32_batch500.png, id=68, 1156.32pt x 586.8324pt>
File: Q32_batch500.png Graphic file (type png)
 <use Q32_batch500.png>
Package pdftex.def Info: Q32_batch500.png used on input line 123.
(pdftex.def)             Requested size: 462.5198pt x 234.72879pt.

<Q32_batch1000.png, id=69, 1156.32pt x 586.8324pt>
File: Q32_batch1000.png Graphic file (type png)
 <use Q32_batch1000.png>
Package pdftex.def Info: Q32_batch1000.png used on input line 131.
(pdftex.def)             Requested size: 462.5198pt x 234.72879pt.

[7pdfTeX warning (ext4): destination with the same identifier (name{figure.9}) 
has been already used, duplicate ignored

\AtBegShi@Output ...ipout \box \AtBeginShipoutBox 
                                                  \fi \fi 
l.135 
      pdfTeX warning (ext4): destination with the same identifier (name{figure.
10}) has been already used, duplicate ignored

\AtBegShi@Output ...ipout \box \AtBeginShipoutBox 
                                                  \fi \fi 
l.135 
       <./Q32_batch100.png> <./Q32_batch500.png>]
<cnn_eps0001.png, id=79, 1156.32pt x 578.16pt>
File: cnn_eps0001.png Graphic file (type png)
 <use cnn_eps0001.png>
Package pdftex.def Info: cnn_eps0001.png used on input line 144.
(pdftex.def)             Requested size: 462.5198pt x 231.2599pt.
 [8pdfTeX warning (ext4): destination with the same identifier (name{figure.11}
) has been already used, duplicate ignored

\AtBegShi@Output ...ipout \box \AtBeginShipoutBox 
                                                  \fi \fi 
l.148 
       <./Q32_batch1000.png>] <cnn_eps001.png, id=87, 1156.32pt x 578.16pt>
File: cnn_eps001.png Graphic file (type png)

<use cnn_eps001.png>
Package pdftex.def Info: cnn_eps001.png used on input line 153.
(pdftex.def)             Requested size: 462.5198pt x 231.2599pt.
File: cnn_eps01.png Graphic file (type png)
 <use cnn_eps01.png>
Package pdftex.def Info: cnn_eps01.png used on input line 162.
(pdftex.def)             Requested size: 462.5198pt x 234.72879pt.
 [9pdfTeX warning (ext4): destination with the same identifier (name{figure.12}
) has been already used, duplicate ignored

\AtBegShi@Output ...ipout \box \AtBeginShipoutBox 
                                                  \fi \fi 
l.166 
      pdfTeX warning (ext4): destination with the same identifier (name{figure.
13}) has been already used, duplicate ignored

\AtBegShi@Output ...ipout \box \AtBeginShipoutBox 
                                                  \fi \fi 
l.166 
       <./cnn_eps0001.png> <./cnn_eps001.png>]
<cnn_eps05.png, id=96, 1156.32pt x 578.16pt>
File: cnn_eps05.png Graphic file (type png)
 <use cnn_eps05.png>
Package pdftex.def Info: cnn_eps05.png used on input line 171.
(pdftex.def)             Requested size: 462.5198pt x 231.2599pt.

<cnn_acc_eps1.png, id=97, 1156.32pt x 586.8324pt>
File: cnn_acc_eps1.png Graphic file (type png)
 <use cnn_acc_eps1.png>
Package pdftex.def Info: cnn_acc_eps1.png used on input line 180.
(pdftex.def)             Requested size: 462.5198pt x 234.72879pt.

[10pdfTeX warning (ext4): destination with the same identifier (name{figure.14}
) has been already used, duplicate ignored

\AtBegShi@Output ...ipout \box \AtBeginShipoutBox 
                                                  \fi \fi 
l.184 
      pdfTeX warning (ext4): destination with the same identifier (name{figure.
15}) has been already used, duplicate ignored

\AtBegShi@Output ...ipout \box \AtBeginShipoutBox 
                                                  \fi \fi 
l.184 
       <./cnn_eps05.png>]
File: cnn_eps01.png Graphic file (type png)
 <use cnn_eps01.png>
Package pdftex.def Info: cnn_eps01.png used on input line 193.
(pdftex.def)             Requested size: 462.5198pt x 234.72879pt.

<cnn_acc_mom05.png, id=105, 1156.32pt x 578.16pt>
File: cnn_acc_mom05.png Graphic file (type png)
 <use cnn_acc_mom05.png>
Package pdftex.def Info: cnn_acc_mom05.png used on input line 202.
(pdftex.def)             Requested size: 462.5198pt x 231.2599pt.

[11pdfTeX warning (ext4): destination with the same identifier (name{figure.16}
) has been already used, duplicate ignored

\AtBegShi@Output ...ipout \box \AtBeginShipoutBox 
                                                  \fi \fi 
l.206 
      pdfTeX warning (ext4): destination with the same identifier (name{figure.
17}) has been already used, duplicate ignored

\AtBegShi@Output ...ipout \box \AtBeginShipoutBox 
                                                  \fi \fi 
l.206 
       <./cnn_acc_eps1.png>]
<cnn_acc_mom09.png, id=113, 1156.32pt x 586.8324pt>
File: cnn_acc_mom09.png Graphic file (type png)
 <use cnn_acc_mom09.png>
Package pdftex.def Info: cnn_acc_mom09.png used on input line 211.
(pdftex.def)             Requested size: 462.5198pt x 234.72879pt.

<cnn_acc_batch1.png, id=114, 1156.32pt x 586.8324pt>
File: cnn_acc_batch1.png Graphic file (type png)
 <use cnn_acc_batch1.png>
Package pdftex.def Info: cnn_acc_batch1.png used on input line 221.
(pdftex.def)             Requested size: 462.5198pt x 234.72879pt.

[12pdfTeX warning (ext4): destination with the same identifier (name{figure.18}
) has been already used, duplicate ignored

\AtBegShi@Output ...ipout \box \AtBeginShipoutBox 
                                                  \fi \fi 
l.225 
      pdfTeX warning (ext4): destination with the same identifier (name{figure.
19}) has been already used, duplicate ignored

\AtBegShi@Output ...ipout \box \AtBeginShipoutBox 
                                                  \fi \fi 
l.225 
       <./cnn_acc_mom05.png> <./cnn_acc_mom09.png>]
<cnn_acc_batch10.png, id=123, 1156.32pt x 586.8324pt>
File: cnn_acc_batch10.png Graphic file (type png)

<use cnn_acc_batch10.png>
Package pdftex.def Info: cnn_acc_batch10.png used on input line 230.
(pdftex.def)             Requested size: 462.5198pt x 234.72879pt.

<cnn_acc_batch100.png, id=124, 1156.32pt x 586.8324pt>
File: cnn_acc_batch100.png Graphic file (type png)

<use cnn_acc_batch100.png>
Package pdftex.def Info: cnn_acc_batch100.png used on input line 238.
(pdftex.def)             Requested size: 462.5198pt x 234.72879pt.
 [13pdfTeX warning (ext4): destination with the same identifier (name{figure.20
}) has been already used, duplicate ignored

\AtBegShi@Output ...ipout \box \AtBeginShipoutBox 
                                                  \fi \fi 
l.242 
      pdfTeX warning (ext4): destination with the same identifier (name{figure.
21}) has been already used, duplicate ignored

\AtBegShi@Output ...ipout \box \AtBeginShipoutBox 
                                                  \fi \fi 
l.242 
       <./cnn_acc_batch1.png> <./cnn_acc_batch10.png>]
<cnn_acc_batch500.png, id=134, 1156.32pt x 586.8324pt>
File: cnn_acc_batch500.png Graphic file (type png)

<use cnn_acc_batch500.png>
Package pdftex.def Info: cnn_acc_batch500.png used on input line 247.
(pdftex.def)             Requested size: 462.5198pt x 234.72879pt.

<cnn_acc_batch1000.png, id=135, 1156.32pt x 586.8324pt>
File: cnn_acc_batch1000.png Graphic file (type png)

<use cnn_acc_batch1000.png>
Package pdftex.def Info: cnn_acc_batch1000.png used on input line 256.
(pdftex.def)             Requested size: 462.5198pt x 234.72879pt.
 [14pdfTeX warning (ext4): destination with the same identifier (name{figure.22
}) has been already used, duplicate ignored

\AtBegShi@Output ...ipout \box \AtBeginShipoutBox 
                                                  \fi \fi 
l.260 
      pdfTeX warning (ext4): destination with the same identifier (name{figure.
23}) has been already used, duplicate ignored

\AtBegShi@Output ...ipout \box \AtBeginShipoutBox 
                                                  \fi \fi 
l.260 
       <./cnn_acc_batch100.png> <./cnn_acc_batch500.png>]
<Q33_hidden_16_32.png, id=144, 1156.32pt x 578.16pt>
File: Q33_hidden_16_32.png Graphic file (type png)

<use Q33_hidden_16_32.png>
Package pdftex.def Info: Q33_hidden_16_32.png used on input line 274.
(pdftex.def)             Requested size: 462.5198pt x 231.2599pt.
 [15pdfTeX warning (ext4): destination with the same identifier (name{figure.24
}) has been already used, duplicate ignored

\AtBegShi@Output ...ipout \box \AtBeginShipoutBox 
                                                  \fi \fi 
l.278 
       <./cnn_acc_batch1000.png>]
<Q33_hidden_32_32.png, id=153, 1156.32pt x 578.16pt>
File: Q33_hidden_32_32.png Graphic file (type png)

<use Q33_hidden_32_32.png>
Package pdftex.def Info: Q33_hidden_32_32.png used on input line 283.
(pdftex.def)             Requested size: 462.5198pt x 231.2599pt.

<Q33_hidden_32_16.png, id=154, 1156.32pt x 578.16pt>
File: Q33_hidden_32_16.png Graphic file (type png)

<use Q33_hidden_32_16.png>
Package pdftex.def Info: Q33_hidden_32_16.png used on input line 292.
(pdftex.def)             Requested size: 462.5198pt x 231.2599pt.
 [16pdfTeX warning (ext4): destination with the same identifier (name{figure.25
}) has been already used, duplicate ignored

\AtBegShi@Output ...ipout \box \AtBeginShipoutBox 
                                                  \fi \fi 
l.296 
      pdfTeX warning (ext4): destination with the same identifier (name{figure.
26}) has been already used, duplicate ignored

\AtBegShi@Output ...ipout \box \AtBeginShipoutBox 
                                                  \fi \fi 
l.296 
       <./Q33_hidden_16_32.png> <./Q33_hidden_32_32.png>]
<cnn_8_16_bad.png, id=163, 1156.32pt x 586.8324pt>
File: cnn_8_16_bad.png Graphic file (type png)
 <use cnn_8_16_bad.png>
Package pdftex.def Info: cnn_8_16_bad.png used on input line 306.
(pdftex.def)             Requested size: 462.5198pt x 234.72879pt.

<cnn_16_16_bad.png, id=164, 1156.32pt x 586.8324pt>
File: cnn_16_16_bad.png Graphic file (type png)
 <use cnn_16_16_bad.png>
Package pdftex.def Info: cnn_16_16_bad.png used on input line 315.
(pdftex.def)             Requested size: 462.5198pt x 234.72879pt.

[17pdfTeX warning (ext4): destination with the same identifier (name{figure.27}
) has been already used, duplicate ignored

\AtBegShi@Output ...ipout \box \AtBeginShipoutBox 
                                                  \fi \fi 
l.319 
      pdfTeX warning (ext4): destination with the same identifier (name{figure.
28}) has been already used, duplicate ignored

\AtBegShi@Output ...ipout \box \AtBeginShipoutBox 
                                                  \fi \fi 
l.319 
       <./Q33_hidden_32_16.png> <./cnn_8_16_bad.png>]
<cnn_16_8_bad.png, id=174, 1156.32pt x 586.8324pt>
File: cnn_16_8_bad.png Graphic file (type png)
 <use cnn_16_8_bad.png>
Package pdftex.def Info: cnn_16_8_bad.png used on input line 324.
(pdftex.def)             Requested size: 462.5198pt x 234.72879pt.

<cnn_8_16.png, id=175, 1156.32pt x 586.8324pt>
File: cnn_8_16.png Graphic file (type png)
 <use cnn_8_16.png>
Package pdftex.def Info: cnn_8_16.png used on input line 337.
(pdftex.def)             Requested size: 462.5198pt x 234.72879pt.
 [18pdfTeX warning (ext4): destination with the same identifier (name{figure.29
}) has been already used, duplicate ignored

\AtBegShi@Output ...ipout \box \AtBeginShipoutBox 
                                                  \fi \fi 
l.341 
      pdfTeX warning (ext4): destination with the same identifier (name{figure.
30}) has been already used, duplicate ignored

\AtBegShi@Output ...ipout \box \AtBeginShipoutBox 
                                                  \fi \fi 
l.341 
       <./cnn_16_16_bad.png> <./cnn_16_8_bad.png>]
<cnn_16_16.png, id=184, 1156.32pt x 586.8324pt>
File: cnn_16_16.png Graphic file (type png)
 <use cnn_16_16.png>
Package pdftex.def Info: cnn_16_16.png used on input line 346.
(pdftex.def)             Requested size: 462.5198pt x 234.72879pt.

<cnn_16_8.png, id=185, 1156.32pt x 586.8324pt>
File: cnn_16_8.png Graphic file (type png)
 <use cnn_16_8.png>
Package pdftex.def Info: cnn_16_8.png used on input line 355.
(pdftex.def)             Requested size: 462.5198pt x 234.72879pt.
 [19pdfTeX warning (ext4): destination with the same identifier (name{figure.31
}) has been already used, duplicate ignored

\AtBegShi@Output ...ipout \box \AtBeginShipoutBox 
                                                  \fi \fi 
l.359 
      pdfTeX warning (ext4): destination with the same identifier (name{figure.
32}) has been already used, duplicate ignored

\AtBegShi@Output ...ipout \box \AtBeginShipoutBox 
                                                  \fi \fi 
l.359 
       <./cnn_8_16.png> <./cnn_16_16.png>]
Underfull \hbox (badness 10000) in paragraph at lines 367--376

 []


Underfull \hbox (badness 10000) in paragraph at lines 377--384

 []

[20pdfTeX warning (ext4): destination with the same identifier (name{figure.33}
) has been already used, duplicate ignored

\AtBegShi@Output ...ipout \box \AtBeginShipoutBox 
                                                  \fi \fi 
l.384 
       <./cnn_16_8.png>]
! Missing { inserted.
<to be read again> 
                   $
l.395 ...ng bias) and for can I choose [$N_1, N2_$
                                                  ] = [10,23] which results ...

? 
! Missing } inserted.
<inserted text> 
                }
l.395 ...ng bias) and for can I choose [$N_1, N2_$
                                                  ] = [10,23] which results ...

? 
<Q34_nn_7_13.png, id=206, 1049.3604pt x 578.16pt>
File: Q34_nn_7_13.png Graphic file (type png)
 <use Q34_nn_7_13.png>
Package pdftex.def Info: Q34_nn_7_13.png used on input line 404.
(pdftex.def)             Requested size: 524.67891pt x 289.07928pt.

Overfull \hbox (54.92389pt too wide) in paragraph at lines 404--405
 [][] 
 []

<Q34_nn_imshow_7_13.png, id=207, 1011.78pt x 170.5572pt>
File: Q34_nn_imshow_7_13.png Graphic file (type png)

<use Q34_nn_imshow_7_13.png>
Package pdftex.def Info: Q34_nn_imshow_7_13.png used on input line 413.
(pdftex.def)             Requested size: 505.88876pt x 85.27838pt.

Overfull \hbox (36.13374pt too wide) in paragraph at lines 413--414
 [][] 
 []

[21pdfTeX warning (ext4): destination with the same identifier (name{figure.34}
) has been already used, duplicate ignored

\AtBegShi@Output ...ipout \box \AtBeginShipoutBox 
                                                  \fi \fi 
l.417 
       <./Q34_nn_7_13.png>]
<Q34_cnn_10_23.png, id=214, 1043.5788pt x 578.16pt>
File: Q34_cnn_10_23.png Graphic file (type png)
 <use Q34_cnn_10_23.png>
Package pdftex.def Info: Q34_cnn_10_23.png used on input line 422.
(pdftex.def)             Requested size: 521.78813pt x 289.07928pt.

Overfull \hbox (52.03311pt too wide) in paragraph at lines 422--423
 [][] 
 []

<Q34_cnn_imshow_10_23.png, id=215, 1015.3935pt x 130.8087pt>
File: Q34_cnn_imshow_10_23.png Graphic file (type png)

<use Q34_cnn_imshow_10_23.png>
Package pdftex.def Info: Q34_cnn_imshow_10_23.png used on input line 431.
(pdftex.def)             Requested size: 507.69551pt x 65.40417pt.

Overfull \hbox (37.94049pt too wide) in paragraph at lines 431--432
 [][] 
 []

[22pdfTeX warning (ext4): destination with the same identifier (name{figure.35}
) has been already used, duplicate ignored

\AtBegShi@Output ...ipout \box \AtBeginShipoutBox 
                                                  \fi \fi 
l.437 
      pdfTeX warning (ext4): destination with the same identifier (name{figure.
36}) has been already used, duplicate ignored

\AtBegShi@Output ...ipout \box \AtBeginShipoutBox 
                                                  \fi \fi 
l.437 
      pdfTeX warning (ext4): destination with the same identifier (name{figure.
37}) has been already used, duplicate ignored

\AtBegShi@Output ...ipout \box \AtBeginShipoutBox 
                                                  \fi \fi 
l.437 
       <./Q34_nn_imshow_7_13.png> <./Q34_cnn_10_23.png> <./Q34_cnn_imshow_10_23
.png>] <Q35_imshow.png, id=226, 542.025pt x 214.6419pt>
File: Q35_imshow.png Graphic file (type png)
 <use Q35_imshow.png>
Package pdftex.def Info: Q35_imshow.png used on input line 445.
(pdftex.def)             Requested size: 271.01183pt x 107.32068pt.

! Undefined control sequence.
<argument> ... highest prediction of each image \<
                                                   0.55.}}{\thepage }{\@curr...
l.446 ...ighest prediction of each image \< 0.55.}
                                                  
? 
! Undefined control sequence.
<argument> ... highest prediction of each image \<
                                                   0.55.\fi 
l.446 ...ighest prediction of each image \< 0.55.}
                                                  
? 

</Users/anita/Documents/Grad_Second_Year/CSC2515/assignment2/Results/Q4/Q2_logL
.png, id=227, 578.16pt x 433.62pt>
File: /Users/anita/Documents/Grad_Second_Year/CSC2515/assignment2/Results/Q4/Q2
_logL.png Graphic file (type png)

<use /Users/anita/Documents/Grad_Second_Year/CSC2515/assignment2/Results/Q4/Q2_
logL.png>
Package pdftex.def Info: /Users/anita/Documents/Grad_Second_Year/CSC2515/assign
ment2/Results/Q4/Q2_logL.png used on input line 467.
(pdftex.def)             Requested size: 346.89867pt x 260.17401pt.
 [23pdfTeX warning (ext4): destination with the same identifier (name{figure.38
}) has been already used, duplicate ignored

\AtBegShi@Output ...ipout \box \AtBeginShipoutBox 
                                                  \fi \fi 
l.471 A
       s we see in Figure \ref{fig:q4_log_iter}, randConst=1.0 converges fas...
 <./Q35_imshow.png>]
</Users/anita/Documents/Grad_Second_Year/CSC2515/assignment2/Results/Q4/q2_mu_1
.png, id=239, 1054.4193pt x 216.81pt>
File: /Users/anita/Documents/Grad_Second_Year/CSC2515/assignment2/Results/Q4/q2
_mu_1.png Graphic file (type png)

<use /Users/anita/Documents/Grad_Second_Year/CSC2515/assignment2/Results/Q4/q2_
mu_1.png>
Package pdftex.def Info: /Users/anita/Documents/Grad_Second_Year/CSC2515/assign
ment2/Results/Q4/q2_mu_1.png used on input line 476.
(pdftex.def)             Requested size: 527.20836pt x 108.40472pt.

Overfull \hbox (57.45334pt too wide) in paragraph at lines 476--477
 [][] 
 []


</Users/anita/Documents/Grad_Second_Year/CSC2515/assignment2/Results/Q4/q2_vary
_1.png, id=240, 1045.7469pt x 216.81pt>
File: /Users/anita/Documents/Grad_Second_Year/CSC2515/assignment2/Results/Q4/q2
_vary_1.png Graphic file (type png)

<use /Users/anita/Documents/Grad_Second_Year/CSC2515/assignment2/Results/Q4/q2_
vary_1.png>
Package pdftex.def Info: /Users/anita/Documents/Grad_Second_Year/CSC2515/assign
ment2/Results/Q4/q2_vary_1.png used on input line 484.
(pdftex.def)             Requested size: 522.87218pt x 108.40472pt.

Overfull \hbox (53.11716pt too wide) in paragraph at lines 484--485
 [][] 
 []

[24pdfTeX warning (ext4): destination with the same identifier (name{figure.39}
) has been already used, duplicate ignored

\AtBegShi@Output ...ipout \box \AtBeginShipoutBox 
                                                  \fi \fi 
l.488 
      pdfTeX warning (ext4): destination with the same identifier (name{figure.
40}) has been already used, duplicate ignored

\AtBegShi@Output ...ipout \box \AtBeginShipoutBox 
                                                  \fi \fi 
l.488 
       </Users/anita/Documents/Grad_Second_Year/CSC2515/assignment2/Results/Q4/
Q2_logL.png> </Users/anita/Documents/Grad_Second_Year/CSC2515/assignment2/Resul
ts/Q4/q2_mu_1.png>]
</Users/anita/Documents/Grad_Second_Year/CSC2515/assignment2/Results/Q4/q2_Mixc
oeffbar_1.png, id=250, 578.16pt x 433.62pt>
File: /Users/anita/Documents/Grad_Second_Year/CSC2515/assignment2/Results/Q4/q2
_Mixcoeffbar_1.png Graphic file (type png)

<use /Users/anita/Documents/Grad_Second_Year/CSC2515/assignment2/Results/Q4/q2_
Mixcoeffbar_1.png>
Package pdftex.def Info: /Users/anita/Documents/Grad_Second_Year/CSC2515/assign
ment2/Results/Q4/q2_Mixcoeffbar_1.png used on input line 496.
(pdftex.def)             Requested size: 260.16959pt x 195.1272pt.

</Users/anita/Documents/Grad_Second_Year/CSC2515/assignment2/Results/Q4/kmeans_
random_compare.png, id=252, 578.16pt x 433.62pt>
File: /Users/anita/Documents/Grad_Second_Year/CSC2515/assignment2/Results/Q4/km
eans_random_compare.png Graphic file (type png)

<use /Users/anita/Documents/Grad_Second_Year/CSC2515/assignment2/Results/Q4/kme
ans_random_compare.png>
Package pdftex.def Info: /Users/anita/Documents/Grad_Second_Year/CSC2515/assign
ment2/Results/Q4/kmeans_random_compare.png used on input line 509.
(pdftex.def)             Requested size: 289.07928pt x 216.80946pt.
 [25pdfTeX warning (ext4): destination with the same identifier (name{figure.41
}) has been already used, duplicate ignored

\AtBegShi@Output ...ipout \box \AtBeginShipoutBox 
                                                  \fi \fi 
l.514 
      pdfTeX warning (ext4): destination with the same identifier (name{figure.
42}) has been already used, duplicate ignored

\AtBegShi@Output ...ipout \box \AtBeginShipoutBox 
                                                  \fi \fi 
l.514 
       </Users/anita/Documents/Grad_Second_Year/CSC2515/assignment2/Results/Q4/
q2_vary_1.png> </Users/anita/Documents/Grad_Second_Year/CSC2515/assignment2/Res
ults/Q4/q2_Mixcoeffbar_1.png>]
</Users/anita/Documents/Grad_Second_Year/CSC2515/assignment2/Results/Q4/q3_mu_1
.png, id=264, 1063.8144pt x 216.81pt>
File: /Users/anita/Documents/Grad_Second_Year/CSC2515/assignment2/Results/Q4/q3
_mu_1.png Graphic file (type png)

<use /Users/anita/Documents/Grad_Second_Year/CSC2515/assignment2/Results/Q4/q3_
mu_1.png>
Package pdftex.def Info: /Users/anita/Documents/Grad_Second_Year/CSC2515/assign
ment2/Results/Q4/q3_mu_1.png used on input line 519.
(pdftex.def)             Requested size: 531.9059pt x 108.40472pt.

Overfull \hbox (62.15088pt too wide) in paragraph at lines 519--520
 [][] 
 []


</Users/anita/Documents/Grad_Second_Year/CSC2515/assignment2/Results/Q4/q3_vary
_1.png, id=265, 1059.4782pt x 216.81pt>
File: /Users/anita/Documents/Grad_Second_Year/CSC2515/assignment2/Results/Q4/q3
_vary_1.png Graphic file (type png)

<use /Users/anita/Documents/Grad_Second_Year/CSC2515/assignment2/Results/Q4/q3_
vary_1.png>
Package pdftex.def Info: /Users/anita/Documents/Grad_Second_Year/CSC2515/assign
ment2/Results/Q4/q3_vary_1.png used on input line 528.
(pdftex.def)             Requested size: 529.7378pt x 108.40472pt.

Overfull \hbox (59.98277pt too wide) in paragraph at lines 528--529
 [][] 
 []

[26pdfTeX warning (ext4): destination with the same identifier (name{figure.43}
) has been already used, duplicate ignored

\AtBegShi@Output ...ipout \box \AtBeginShipoutBox 
                                                  \fi \fi 
l.540 \end{equation}
                    pdfTeX warning (ext4): destination with the same identifier
 (name{figure.44}) has been already used, duplicate ignored

\AtBegShi@Output ...ipout \box \AtBeginShipoutBox 
                                                  \fi \fi 
l.540 \end{equation}
                    pdfTeX warning (ext4): destination with the same identifier
 (name{figure.45}) has been already used, duplicate ignored

\AtBegShi@Output ...ipout \box \AtBeginShipoutBox 
                                                  \fi \fi 
l.540 \end{equation}
                     </Users/anita/Documents/Grad_Second_Year/CSC2515/assignmen
t2/Results/Q4/kmeans_random_compare.png> </Users/anita/Documents/Grad_Second_Ye
ar/CSC2515/assignment2/Results/Q4/q3_mu_1.png> </Users/anita/Documents/Grad_Sec
ond_Year/CSC2515/assignment2/Results/Q4/q3_vary_1.png>]

! LaTeX Error: \mathrm allowed only in math mode.

See the LaTeX manual or LaTeX Companion for explanation.
Type  H <return>  for immediate help.
 ...                                              
                                                  
l.545 ...an use these functions to compute \mathrm
                                                  {log}$p(d|x)$.
? 

LaTeX Warning: Reference `fig:err_rate' on page 27 undefined on input line 547.



</Users/anita/Documents/Grad_Second_Year/CSC2515/assignment2/Results/Q4/Q4.4/q4
_randConst_1.png, id=276, 578.16pt x 433.62pt>
File: /Users/anita/Documents/Grad_Second_Year/CSC2515/assignment2/Results/Q4/Q4
.4/q4_randConst_1.png Graphic file (type png)

<use /Users/anita/Documents/Grad_Second_Year/CSC2515/assignment2/Results/Q4/Q4.
4/q4_randConst_1.png>
Package pdftex.def Info: /Users/anita/Documents/Grad_Second_Year/CSC2515/assign
ment2/Results/Q4/Q4.4/q4_randConst_1.png used on input line 550.
(pdftex.def)             Requested size: 289.07928pt x 216.80946pt.

Underfull \hbox (badness 10000) in paragraph at lines 557--558

 []


Underfull \hbox (badness 10000) in paragraph at lines 559--560

 []

Package atveryend Info: Empty hook `BeforeClearDocument' on input line 564.
[27pdfTeX warning (ext4): destination with the same identifier (name{figure.46}
) has been already used, duplicate ignored

\AtBegShi@Output ...ipout \box \AtBeginShipoutBox 
                                                  \fi \fi 
l.564 \end{document}
                     </Users/anita/Documents/Grad_Second_Year/CSC2515/assignmen
t2/Results/Q4/Q4.4/q4_randConst_1.png>]
Package atveryend Info: Empty hook `AfterLastShipout' on input line 564.
 (./assignment2_report.aux)
Package atveryend Info: Executing hook `AtVeryEndDocument' on input line 564.
Package atveryend Info: Executing hook `AtEndAfterFileList' on input line 564.
Package rerunfilecheck Info: File `assignment2_report.out' has not changed.
(rerunfilecheck)             Checksum: D41D8CD98F00B204E9800998ECF8427E;0.


LaTeX Warning: There were undefined references.


LaTeX Warning: There were multiply-defined labels.

Package atveryend Info: Empty hook `AtVeryVeryEnd' on input line 564.
 ) 
Here is how much of TeX's memory you used:
 8008 strings out of 493117
 120091 string characters out of 6135433
 211968 words of memory out of 5000000
 11250 multiletter control sequences out of 15000+600000
 6928 words of font info for 26 fonts, out of 8000000 for 9000
 1141 hyphenation exceptions out of 8191
 34i,8n,28p,841b,356s stack positions out of 5000i,500n,10000p,200000b,80000s
</usr/local/texlive/2014/texmf-dist/fonts/type1/public/amsfonts/cm/cmbx10.pfb
></usr/local/texlive/2014/texmf-dist/fonts/type1/public/amsfonts/cm/cmbx12.pfb>
</usr/local/texlive/2014/texmf-dist/fonts/type1/public/amsfonts/cm/cmmi10.pfb><
/usr/local/texlive/2014/texmf-dist/fonts/type1/public/amsfonts/cm/cmmi7.pfb></u
sr/local/texlive/2014/texmf-dist/fonts/type1/public/amsfonts/cm/cmr10.pfb></usr
/local/texlive/2014/texmf-dist/fonts/type1/public/amsfonts/cm/cmr12.pfb></usr/l
ocal/texlive/2014/texmf-dist/fonts/type1/public/amsfonts/cm/cmr17.pfb></usr/loc
al/texlive/2014/texmf-dist/fonts/type1/public/amsfonts/cm/cmr7.pfb></usr/local/
texlive/2014/texmf-dist/fonts/type1/public/amsfonts/cm/cmsy10.pfb></usr/local/t
exlive/2014/texmf-dist/fonts/type1/public/amsfonts/cm/cmtt10.pfb>
Output written on assignment2_report.pdf (27 pages, 8840872 bytes).
PDF statistics:
 340 PDF objects out of 1000 (max. 8388607)
 210 compressed objects within 3 object streams
 90 named destinations out of 1000 (max. 500000)
 221 words of extra memory for PDF output out of 10000 (max. 10000000)

